<?xml version="1.0" encoding="UTF-8"?>
<!-- Generated by org.testng.reporters.JUnitXMLReporter -->
<testsuite ignored="16" hostname="Mevin" failures="0" tests="17" name="Test" time="119.341" errors="0" timestamp="2024-12-17T20:20:16 IST">
  <testcase classname="testPackage.TitleVerificationTest" name="test1" time="0.021"/>
  <testcase classname="testPackage.RegistrationTest" name="test3" time="5.986"/>
  <testcase classname="testPackage.LoginTest" name="test4" time="6.515"/>
  <testcase classname="testPackage.ColorFilterTest" name="test9" time="4.026"/>
  <testcase classname="testPackage.AddtoCartTest" name="test5" time="5.837"/>
  <testcase classname="testPackage.WishListTest" name="test6" time="4.874"/>
  <testcase classname="testPackage.WishCartTest" name="test7" time="3.179"/>
  <testcase classname="testPackage.SearchFunTest" name="test8" time="2.695"/>
  <testcase classname="testPackage.HomePageTest" name="test10" time="4.08"/>
  <testcase classname="testPackage.PagingTest" name="test11" time="6.761"/>
  <testcase classname="testPackage2.WhatsappTest" name="test14" time="2.604"/>
  <testcase classname="testPackage2.FaqTest" name="test15" time="0.123"/>
  <testcase classname="testPackage2.LogoTest" name="test18" time="0.071"/>
  <testcase classname="testPackage2.ReturnTest" name="test12" time="10.148"/>
  <testcase classname="testPackage2.TrackTest" name="test13" time="8.572"/>
  <testcase classname="testPackage2.RegisatrationDoubleTest" name="test17" time="7.664"/>
  <testcase classname="testPackage.BrokenLinkCountTest" name="test2" time="24.823"/>
  <testcase classname="basePackage.BaseClass" name="@BeforeTest setUp" time="0.0">
    <ignored/>
  </testcase> <!-- @BeforeTest setUp -->
  <testcase classname="basePackage.BaseClass" name="@BeforeTest setUp" time="0.0">
    <ignored/>
  </testcase> <!-- @BeforeTest setUp -->
  <testcase classname="basePackage.BaseClass" name="@BeforeTest setUp" time="0.0">
    <ignored/>
  </testcase> <!-- @BeforeTest setUp -->
  <testcase classname="basePackage.BaseClass" name="@BeforeTest setUp" time="0.0">
    <ignored/>
  </testcase> <!-- @BeforeTest setUp -->
  <testcase classname="basePackage.BaseClass" name="@BeforeTest setUp" time="0.0">
    <ignored/>
  </testcase> <!-- @BeforeTest setUp -->
  <testcase classname="basePackage.BaseClass" name="@BeforeTest setUp" time="0.0">
    <ignored/>
  </testcase> <!-- @BeforeTest setUp -->
  <testcase classname="basePackage.BaseClass" name="@BeforeTest setUp" time="0.0">
    <ignored/>
  </testcase> <!-- @BeforeTest setUp -->
  <testcase classname="basePackage.BaseClass" name="@BeforeTest setUp" time="0.0">
    <ignored/>
  </testcase> <!-- @BeforeTest setUp -->
  <testcase classname="basePackage.BaseClass" name="@BeforeTest setUp" time="0.0">
    <ignored/>
  </testcase> <!-- @BeforeTest setUp -->
  <testcase classname="basePackage.BaseClass" name="@BeforeTest setUp" time="0.0">
    <ignored/>
  </testcase> <!-- @BeforeTest setUp -->
  <testcase classname="basePackage.BaseClass" name="@BeforeTest setUp" time="0.0">
    <ignored/>
  </testcase> <!-- @BeforeTest setUp -->
  <testcase classname="basePackage.BaseClass" name="@BeforeTest setUp" time="0.0">
    <ignored/>
  </testcase> <!-- @BeforeTest setUp -->
  <testcase classname="basePackage.BaseClass" name="@BeforeTest setUp" time="0.0">
    <ignored/>
  </testcase> <!-- @BeforeTest setUp -->
  <testcase classname="basePackage.BaseClass" name="@BeforeTest setUp" time="0.0">
    <ignored/>
  </testcase> <!-- @BeforeTest setUp -->
  <testcase classname="basePackage.BaseClass" name="@BeforeTest setUp" time="0.0">
    <ignored/>
  </testcase> <!-- @BeforeTest setUp -->
  <testcase classname="basePackage.BaseClass" name="@BeforeTest setUp" time="0.0">
    <ignored/>
  </testcase> <!-- @BeforeTest setUp -->
</testsuite> <!-- Test -->
